
=== Tue Oct  7 21:57:21 2025

Packages were changed.
Update Mode: mergeDefaultDependencies

The following packages were added:
  com.unity.modules.assetbundle@1.0.0
  com.unity.modules.cloth@1.0.0
  com.unity.modules.director@1.0.0
  com.unity.modules.imgui@1.0.0
  com.unity.modules.particlesystem@1.0.0
  com.unity.modules.physics@1.0.0
  com.unity.modules.physics2d@1.0.0
  com.unity.modules.screencapture@1.0.0
  com.unity.modules.terrain@1.0.0
  com.unity.modules.terrainphysics@1.0.0
  com.unity.modules.tilemap@1.0.0
  com.unity.modules.umbra@1.0.0
  com.unity.modules.vehicles@1.0.0
  com.unity.modules.vr@1.0.0
  com.unity.modules.wind@1.0.0
The following packages were updated:
  com.unity.inputsystem from version 1.13.1 to 1.14.0
  com.unity.mobile.android-logcat from version 1.3.2 to 1.4.5
  com.unity.render-pipelines.universal from version 14.0.7 to 14.0.12
  com.unity.visualscripting from version 1.9.2 to 1.9.4
